[2025-05-19T09:32:38.003948+00:00][WHMCS Installer] DEBUG: Installer bootstrapped []
[2025-05-19T09:32:46.079582+00:00][WHMCS Installer] DEBUG: Installer bootstrapped []
[2025-05-19T09:32:48.279850+00:00][WHMCS Installer] DEBUG: Installer bootstrapped []
[2025-05-19T09:32:48.306899+00:00][WHMCS Installer] INFO: A previous installation was not detected; a new installation will be attempted. []
[2025-05-19T09:32:52.334949+00:00][WHMCS Installer] DEBUG: Installer bootstrapped []
[2025-05-19T09:33:28.544073+00:00][WHMCS Installer] DEBUG: Installer bootstrapped []
[2025-05-19T09:33:28.591576+00:00][WHMCS Installer] INFO: The new configuration file has been written. []
[2025-05-19T09:33:28.601930+00:00][WHMCS Installer] INFO: Applying base SQL schema []
[2025-05-19T09:34:13.865228+00:00][WHMCS Installer] DEBUG: Installer bootstrapped []
[2025-05-19T09:34:13.909834+00:00][WHMCS Installer] INFO: Creating initial admin account []
[2025-05-19T09:34:14.822752+00:00][WHMCS Installer] INFO: Installation process completed. []
[2025-05-20T06:05:29.032152+00:00][WHMCS Installer] DEBUG: Installer bootstrapped []
[2025-05-20T06:05:33.453274+00:00][WHMCS Installer] DEBUG: Installer bootstrapped []
[2025-05-20T06:05:33.482774+00:00][WHMCS Installer] INFO: A previous installation was not detected; a new installation will be attempted. []
[2025-05-20T06:05:35.598087+00:00][WHMCS Installer] DEBUG: Installer bootstrapped []
[2025-05-20T06:06:18.031590+00:00][WHMCS Installer] DEBUG: Installer bootstrapped []
[2025-05-20T06:06:18.210595+00:00][WHMCS Installer] INFO: The new configuration file has been written. []
[2025-05-20T06:06:18.266540+00:00][WHMCS Installer] INFO: Applying base SQL schema []
[2025-05-20T06:06:47.206678+00:00][WHMCS Installer] DEBUG: Installer bootstrapped []
[2025-05-20T06:06:47.281845+00:00][WHMCS Installer] INFO: Creating initial admin account []
[2025-05-20T06:06:48.586393+00:00][WHMCS Installer] INFO: Installation process completed. []
