2024-11-09 08:51:18 [122.168.24.61] [ERROR]	InvalidArgumentException: Cannot append view data. Expected array argument. in /var/www/html/modules/addons/mgCRM2/app/vendor/slim/slim/Slim/View.php:191
Stack trace:
#0 /var/www/html/modules/addons/mgCRM2/app/vendor/slim/slim/Slim/Slim.php(754): Slim\View->appendData(NULL)
#1 /var/www/html/modules/addons/mgCRM2/app/Controllers/Source/AbstractController.php(65): Slim\Slim->render('responseDebug.t...', NULL)
#2 /var/www/html/modules/addons/mgCRM2/app/Controllers/Api/Resources/ResourceSingle.php(108): mgCRM2\Controllers\Source\AbstractController->returnData(NULL)
#3 [internal function]: mgCRM2\Controllers\Api\Resources\ResourceSingle->getTypeDetails('4', 'json')
#4 /var/www/html/modules/addons/mgCRM2/app/vendor/slim/slim/Slim/Route.php(173): call_user_func_array(Array, Array)
#5 [internal function]: Slim\Route->Slim\{closure}('4', 'json')
#6 /var/www/html/modules/addons/mgCRM2/app/vendor/slim/slim/Slim/Route.php(468): call_user_func_array(Object(Closure), Array)
#7 /var/www/html/modules/addons/mgCRM2/app/Integration/Slim/SlimApp.php(302): Slim\Route->dispatch()
#8 /var/www/html/modules/addons/mgCRM2/app/vendor/slim/slim/Slim/Middleware/Flash.php(85): mgCRM2\Integration\Slim\SlimApp->call()
#9 /var/www/html/modules/addons/mgCRM2/app/vendor/slim/slim/Slim/Middleware/MethodOverride.php(92): Slim\Middleware\Flash->call()
#10 /var/www/html/modules/addons/mgCRM2/app/Middleware/TemplateVariables.php(63): Slim\Middleware\MethodOverride->call()
#11 /var/www/html/modules/addons/mgCRM2/app/Middleware/ParseResponse.php(57): mgCRM2\Middleware\TemplateVariables->call()
#12 /var/www/html/modules/addons/mgCRM2/app/Middleware/PrettyExceptions.php(83): mgCRM2\Middleware\ParseResponse->call()
#13 /var/www/html/modules/addons/mgCRM2/app/Integration/Slim/SlimApp.php(127): mgCRM2\Middleware\PrettyExceptions->call()
#14 /var/www/html/modules/addons/mgCRM2/app/app.php(353): mgCRM2\Integration\Slim\SlimApp->run()
#15 /var/www/html/modules/addons/mgCRM2/mgCRM2app.php(769): unknown()
#16 /var/www/html/admin/crm.php(278): unknown()
#17 {main}
2024-11-09 08:52:30 [122.168.24.61] [ERROR]	InvalidArgumentException: Cannot append view data. Expected array argument. in /var/www/html/modules/addons/mgCRM2/app/vendor/slim/slim/Slim/View.php:191
Stack trace:
#0 /var/www/html/modules/addons/mgCRM2/app/vendor/slim/slim/Slim/Slim.php(754): Slim\View->appendData(NULL)
#1 /var/www/html/modules/addons/mgCRM2/app/Controllers/Source/AbstractController.php(65): Slim\Slim->render('responseDebug.t...', NULL)
#2 /var/www/html/modules/addons/mgCRM2/app/Controllers/Api/Resources/ResourceSingle.php(108): mgCRM2\Controllers\Source\AbstractController->returnData(NULL)
#3 [internal function]: mgCRM2\Controllers\Api\Resources\ResourceSingle->getTypeDetails('4', 'json')
#4 /var/www/html/modules/addons/mgCRM2/app/vendor/slim/slim/Slim/Route.php(173): call_user_func_array(Array, Array)
#5 [internal function]: Slim\Route->Slim\{closure}('4', 'json')
#6 /var/www/html/modules/addons/mgCRM2/app/vendor/slim/slim/Slim/Route.php(468): call_user_func_array(Object(Closure), Array)
#7 /var/www/html/modules/addons/mgCRM2/app/Integration/Slim/SlimApp.php(302): Slim\Route->dispatch()
#8 /var/www/html/modules/addons/mgCRM2/app/vendor/slim/slim/Slim/Middleware/Flash.php(85): mgCRM2\Integration\Slim\SlimApp->call()
#9 /var/www/html/modules/addons/mgCRM2/app/vendor/slim/slim/Slim/Middleware/MethodOverride.php(92): Slim\Middleware\Flash->call()
#10 /var/www/html/modules/addons/mgCRM2/app/Middleware/TemplateVariables.php(63): Slim\Middleware\MethodOverride->call()
#11 /var/www/html/modules/addons/mgCRM2/app/Middleware/ParseResponse.php(57): mgCRM2\Middleware\TemplateVariables->call()
#12 /var/www/html/modules/addons/mgCRM2/app/Middleware/PrettyExceptions.php(83): mgCRM2\Middleware\ParseResponse->call()
#13 /var/www/html/modules/addons/mgCRM2/app/Integration/Slim/SlimApp.php(127): mgCRM2\Middleware\PrettyExceptions->call()
#14 /var/www/html/modules/addons/mgCRM2/app/app.php(353): mgCRM2\Integration\Slim\SlimApp->run()
#15 /var/www/html/modules/addons/mgCRM2/mgCRM2app.php(769): unknown()
#16 /var/www/html/admin/crm.php(278): unknown()
#17 {main}
2024-11-09 08:54:01 [122.168.24.61] [ERROR]	InvalidArgumentException: Cannot append view data. Expected array argument. in /var/www/html/modules/addons/mgCRM2/app/vendor/slim/slim/Slim/View.php:191
Stack trace:
#0 /var/www/html/modules/addons/mgCRM2/app/vendor/slim/slim/Slim/Slim.php(754): Slim\View->appendData(NULL)
#1 /var/www/html/modules/addons/mgCRM2/app/Controllers/Source/AbstractController.php(65): Slim\Slim->render('responseDebug.t...', NULL)
#2 /var/www/html/modules/addons/mgCRM2/app/Controllers/Api/Resources/ResourceSingle.php(108): mgCRM2\Controllers\Source\AbstractController->returnData(NULL)
#3 [internal function]: mgCRM2\Controllers\Api\Resources\ResourceSingle->getTypeDetails('4', 'json')
#4 /var/www/html/modules/addons/mgCRM2/app/vendor/slim/slim/Slim/Route.php(173): call_user_func_array(Array, Array)
#5 [internal function]: Slim\Route->Slim\{closure}('4', 'json')
#6 /var/www/html/modules/addons/mgCRM2/app/vendor/slim/slim/Slim/Route.php(468): call_user_func_array(Object(Closure), Array)
#7 /var/www/html/modules/addons/mgCRM2/app/Integration/Slim/SlimApp.php(302): Slim\Route->dispatch()
#8 /var/www/html/modules/addons/mgCRM2/app/vendor/slim/slim/Slim/Middleware/Flash.php(85): mgCRM2\Integration\Slim\SlimApp->call()
#9 /var/www/html/modules/addons/mgCRM2/app/vendor/slim/slim/Slim/Middleware/MethodOverride.php(92): Slim\Middleware\Flash->call()
#10 /var/www/html/modules/addons/mgCRM2/app/Middleware/TemplateVariables.php(63): Slim\Middleware\MethodOverride->call()
#11 /var/www/html/modules/addons/mgCRM2/app/Middleware/ParseResponse.php(57): mgCRM2\Middleware\TemplateVariables->call()
#12 /var/www/html/modules/addons/mgCRM2/app/Middleware/PrettyExceptions.php(83): mgCRM2\Middleware\ParseResponse->call()
#13 /var/www/html/modules/addons/mgCRM2/app/Integration/Slim/SlimApp.php(127): mgCRM2\Middleware\PrettyExceptions->call()
#14 /var/www/html/modules/addons/mgCRM2/app/app.php(353): mgCRM2\Integration\Slim\SlimApp->run()
#15 /var/www/html/modules/addons/mgCRM2/mgCRM2app.php(769): unknown()
#16 /var/www/html/admin/crm.php(278): unknown()
#17 {main}
2024-11-09 08:54:14 [122.168.24.61] [ERROR]	InvalidArgumentException: Cannot append view data. Expected array argument. in /var/www/html/modules/addons/mgCRM2/app/vendor/slim/slim/Slim/View.php:191
Stack trace:
#0 /var/www/html/modules/addons/mgCRM2/app/vendor/slim/slim/Slim/Slim.php(754): Slim\View->appendData(NULL)
#1 /var/www/html/modules/addons/mgCRM2/app/Controllers/Source/AbstractController.php(65): Slim\Slim->render('responseDebug.t...', NULL)
#2 /var/www/html/modules/addons/mgCRM2/app/Controllers/Api/Resources/ResourceSingle.php(108): mgCRM2\Controllers\Source\AbstractController->returnData(NULL)
#3 [internal function]: mgCRM2\Controllers\Api\Resources\ResourceSingle->getTypeDetails('4', 'json')
#4 /var/www/html/modules/addons/mgCRM2/app/vendor/slim/slim/Slim/Route.php(173): call_user_func_array(Array, Array)
#5 [internal function]: Slim\Route->Slim\{closure}('4', 'json')
#6 /var/www/html/modules/addons/mgCRM2/app/vendor/slim/slim/Slim/Route.php(468): call_user_func_array(Object(Closure), Array)
#7 /var/www/html/modules/addons/mgCRM2/app/Integration/Slim/SlimApp.php(302): Slim\Route->dispatch()
#8 /var/www/html/modules/addons/mgCRM2/app/vendor/slim/slim/Slim/Middleware/Flash.php(85): mgCRM2\Integration\Slim\SlimApp->call()
#9 /var/www/html/modules/addons/mgCRM2/app/vendor/slim/slim/Slim/Middleware/MethodOverride.php(92): Slim\Middleware\Flash->call()
#10 /var/www/html/modules/addons/mgCRM2/app/Middleware/TemplateVariables.php(63): Slim\Middleware\MethodOverride->call()
#11 /var/www/html/modules/addons/mgCRM2/app/Middleware/ParseResponse.php(57): mgCRM2\Middleware\TemplateVariables->call()
#12 /var/www/html/modules/addons/mgCRM2/app/Middleware/PrettyExceptions.php(83): mgCRM2\Middleware\ParseResponse->call()
#13 /var/www/html/modules/addons/mgCRM2/app/Integration/Slim/SlimApp.php(127): mgCRM2\Middleware\PrettyExceptions->call()
#14 /var/www/html/modules/addons/mgCRM2/app/app.php(353): mgCRM2\Integration\Slim\SlimApp->run()
#15 /var/www/html/modules/addons/mgCRM2/mgCRM2app.php(769): unknown()
#16 /var/www/html/admin/crm.php(278): unknown()
#17 {main}
2024-11-09 08:54:36 [122.168.24.61] [ERROR]	InvalidArgumentException: Cannot append view data. Expected array argument. in /var/www/html/modules/addons/mgCRM2/app/vendor/slim/slim/Slim/View.php:191
Stack trace:
#0 /var/www/html/modules/addons/mgCRM2/app/vendor/slim/slim/Slim/Slim.php(754): Slim\View->appendData(NULL)
#1 /var/www/html/modules/addons/mgCRM2/app/Controllers/Source/AbstractController.php(65): Slim\Slim->render('responseDebug.t...', NULL)
#2 /var/www/html/modules/addons/mgCRM2/app/Controllers/Api/Resources/ResourceSingle.php(108): mgCRM2\Controllers\Source\AbstractController->returnData(NULL)
#3 [internal function]: mgCRM2\Controllers\Api\Resources\ResourceSingle->getTypeDetails('4', 'json')
#4 /var/www/html/modules/addons/mgCRM2/app/vendor/slim/slim/Slim/Route.php(173): call_user_func_array(Array, Array)
#5 [internal function]: Slim\Route->Slim\{closure}('4', 'json')
#6 /var/www/html/modules/addons/mgCRM2/app/vendor/slim/slim/Slim/Route.php(468): call_user_func_array(Object(Closure), Array)
#7 /var/www/html/modules/addons/mgCRM2/app/Integration/Slim/SlimApp.php(302): Slim\Route->dispatch()
#8 /var/www/html/modules/addons/mgCRM2/app/vendor/slim/slim/Slim/Middleware/Flash.php(85): mgCRM2\Integration\Slim\SlimApp->call()
#9 /var/www/html/modules/addons/mgCRM2/app/vendor/slim/slim/Slim/Middleware/MethodOverride.php(92): Slim\Middleware\Flash->call()
#10 /var/www/html/modules/addons/mgCRM2/app/Middleware/TemplateVariables.php(63): Slim\Middleware\MethodOverride->call()
#11 /var/www/html/modules/addons/mgCRM2/app/Middleware/ParseResponse.php(57): mgCRM2\Middleware\TemplateVariables->call()
#12 /var/www/html/modules/addons/mgCRM2/app/Middleware/PrettyExceptions.php(83): mgCRM2\Middleware\ParseResponse->call()
#13 /var/www/html/modules/addons/mgCRM2/app/Integration/Slim/SlimApp.php(127): mgCRM2\Middleware\PrettyExceptions->call()
#14 /var/www/html/modules/addons/mgCRM2/app/app.php(353): mgCRM2\Integration\Slim\SlimApp->run()
#15 /var/www/html/modules/addons/mgCRM2/mgCRM2app.php(769): unknown()
#16 /var/www/html/admin/crm.php(278): unknown()
#17 {main}
